Measure: 0.000 Err: 360000e-9 P: 12960000e-6 I: 0e-9 D: 8529301e-9 Ref: 0.360 Out: 21e-3
POS:  3.846
Measure: 1.084 Err: -364535e-9 P: -13123280e-6 I: 0e-9 D: -11195549e-9 Ref: 0.720 Out: 0e-3
POS:  4.350
Measure: 2.589 Err: -1509471e-9 P: -54340968e-6 I: 0e-9 D: -34963272e-9 Ref: 1.080 Out: 0e-3
POS:  0.965
Measure: 2.791 Err: -1351492e-9 P: -48653716e-6 I: 0e-9 D: -20731370e-9 Ref: 1.440 Out: 0e-3
POS:  1.282
Measure: 2.236 Err: -436155e-9 P: -15701603e-6 I: 0e-9 D: 7174650e-9 Ref: 1.800 Out: 0e-3
POS:  1.435
Measure: 1.205 Err: 954458e-9 P: 34360516e-6 I: 0e-9 D: 37969388e-9 Ref: 2.160 Out: 72e-3
POS:  1.743
Measure: 1.731 Err: 788626e-9 P: 28390546e-6 I: 850580e-9 D: 22649586e-9 Ref: 2.520 Out: 51e-3
POS:  2.068
Measure: 1.798 Err: 1081347e-9 P: 38928492e-6 I: 850580e-9 D: 22789996e-9 Ref: 2.879 Out: 62e-3
POS:  1.478
Measure: 2.042 Err: 1197156e-9 P: 43097644e-6 I: 850580e-9 D: 18696822e-9 Ref: 3.239 Out: 62e-3
POS:  1.871
Measure: 2.551 Err: 1048079e-9 P: 37730860e-6 I: 1980997e-9 D: 9555759e-9 Ref: 3.599 Out: 48e-3
POS:  2.324
Measure: 2.871 Err: 1088002e-9 P: 39168104e-6 I: 3154474e-9 D: 7634917e-9 Ref: 3.959 Out: 48e-3
POS:  2.940
Measure: 3.158 Err: 1161787e-9 P: 41824328e-6 I: 4407531e-9 D: 7092572e-9 Ref: 4.319 Out: 52e-3
POS:  3.589
Measure: 3.425 Err: 1254313e-9 P: 45155276e-6 I: 5760383e-9 D: 7156977e-9 Ref: 4.680 Out: 56e-3
POS:  4.188
Measure: 3.857 Err: 1182897e-9 P: 42584312e-6 I: 7036209e-9 D: 3317868e-9 Ref: 5.040 Out: 51e-3
POS:  4.837
Measure: 4.029 Err: 1370976e-9 P: 49355148e-6 I: 8514890e-9 D: 6778567e-9 Ref: 5.400 Out: 63e-3
POS:  5.658
Measure: 4.236 Err: 1523211e-9 P: 54835612e-6 I: 10157765e-9 D: 8351825e-9 Ref: 5.760 Out: 71e-3
POS:  6.512
Measure: 4.388 Err: 1731986e-9 P: 62351512e-6 I: 12025816e-9 D: 10792681e-9 Ref: 6.120 Out: 83e-3
POS:  7.273
Measure: 5.062 Err: 1417650e-9 P: 51035404e-6 I: 13554837e-9 D: 107464e-9 Ref: 6.480 Out: 63e-3
POS:  8.264
Measure: 5.282 Err: 1557602e-9 P: 56073684e-6 I: 15234805e-9 D: 3391042e-9 Ref: 6.840 Out: 73e-3
POS:  9.119
Measure: 5.505 Err: 1694545e-9 P: 61003624e-6 I: 17062474e-9 D: 5618248e-9 Ref: 7.200 Out: 81e-3
POS:  10.205
Measure: 5.575 Err: 1984440e-9 P: 71439864e-6 I: 19202814e-9 D: 10801123e-9 Ref: 7.560 Out: 99e-3
POS:  11.367
Measure: 5.913 Err: 2006973e-9 P: 72251048e-6 I: 21367454e-9 D: 8094648e-9 Ref: 7.920 Out: 99e-3
POS:  12.376
Measure: 6.564 Err: 1715709e-9 P: 61765548e-6 I: 23217950e-9 D: -1234520e-9 Ref: 8.280 Out: 81e-3
POS:  13.666
Measure: 6.855 Err: 1784010e-9 P: 64224392e-6 I: 25142112e-9 D: 754062e-9 Ref: 8.640 Out: 88e-3
POS:  14.803
Measure: 7.165 Err: 1834620e-9 P: 66046336e-6 I: 27120862e-9 D: 1726911e-9 Ref: 9.000 Out: 92e-3
POS:  16.205
Measure: 7.508 Err: 1851660e-9 P: 66659784e-6 I: 29117988e-9 D: 1612564e-9 Ref: 9.360 Out: 95e-3
POS:  17.675
Measure: 7.729 Err: 1990967e-9 P: 71674840e-6 I: 31265366e-9 D: 4429327e-9 Ref: 9.719 Out: 105e-3
POS:  18.940
Measure: 8.314 Err: 1765123e-9 P: 63544436e-6 I: 33169158e-9 D: -2250289e-9 Ref: 10.079 Out: 92e-3
POS:  20.547
Measure: 8.830 Err: 1609305e-9 P: 57934992e-6 I: 34904892e-9 D: -5266920e-9 Ref: 10.439 Out: 85e-3
POS:  21.957
Measure: 9.275 Err: 1524346e-9 P: 54876464e-6 I: 36548992e-9 D: -5699736e-9 Ref: 10.799 Out: 84e-3
POS:  23.675
Measure: 8.995 Err: 2164450e-9 P: 77920224e-6 I: 38883480e-9 D: 11175856e-9 Ref: 11.159 Out: 125e-3
POS:  25.461
Measure: 8.040 Err: 3479468e-9 P: 125260856e-6 I: 42636296e-9 D: 38979156e-9 Ref: 11.519 Out: 203e-3
POS:  27.264
Measure: 8.723 Err: 3156134e-9 P: 113620840e-6 I: 46040376e-9 D: 19624826e-9 Ref: 11.879 Out: 175e-3
POS:  28.888
Measure: 8.408 Err: 3831119e-9 P: 137920288e-6 I: 50172472e-9 D: 29729458e-9 Ref: 12.239 Out: 213e-3
POS:  30.948
Measure: 8.633 Err: 3966910e-9 P: 142808768e-6 I: 54451024e-9 D: 24027844e-9 Ref: 12.599 Out: 217e-3
POS:  33.136
Measure: 8.986 Err: 3973918e-9 P: 143061040e-6 I: 58737128e-9 D: 16985518e-9 Ref: 12.959 Out: 214e-3
POS:  35.102
Measure: 9.567 Err: 3752584e-9 P: 135093040e-6 I: 62784516e-9 D: 6645918e-9 Ref: 13.319 Out: 200e-3
POS:  37.538
Measure: 10.137 Err: 3542035e-9 P: 127513256e-6 I: 66604816e-9 D: -336297e-9 Ref: 13.679 Out: 189e-3
POS:  40.085
Measure: 10.582 Err: 3457231e-9 P: 124460336e-6 I: 70333648e-9 D: -2244617e-9 Ref: 14.039 Out: 188e-3
POS:  42.717
Measure: 11.113 Err: 3286305e-9 P: 118306984e-6 I: 73878128e-9 D: -5620898e-9 Ref: 14.399 Out: 183e-3
POS:  45.461
Measure: 11.625 Err: 3134255e-9 P: 112833184e-6 I: 77258608e-9 D: -7537074e-9 Ref: 14.759 Out: 179e-3
POS:  48.299
Measure: 12.055 Err: 3064593e-9 P: 110325352e-6 I: 80563960e-9 D: -6926421e-9 Ref: 15.119 Out: 180e-3
POS:  50.794
Measure: 12.506 Err: 2973278e-9 P: 107038008e-6 I: 83770816e-9 D: -7011981e-9 Ref: 15.479 Out: 180e-3
POS:  52.820
Measure: 11.021 Err: 4818486e-9 P: 173465488e-6 I: 88967848e-9 D: 38809208e-9 Ref: 15.839 Out: 296e-3
POS:  55.948
Measure: 12.904 Err: 3295230e-9 P: 118628272e-6 I: 92521952e-9 D: -8923305e-9 Ref: 16.199 Out: 198e-3
POS:  59.213
Measure: 13.704 Err: 2855558e-9 P: 102800104e-6 I: 95601840e-9 D: -16663231e-9 Ref: 16.559 Out: 178e-3
POS:  62.632
Measure: 14.433 Err: -359999e-9 P: -12959987e-6 I: 95601840e-9 D: -87848872e-9 Ref: 14.073 Out: 0e-3
POS:  65.658
Measure: 14.923 Err: -429886e-9 P: -15475925e-6 I: 95138184e-9 D: -63150012e-9 Ref: 14.493 Out: 16e-3
POS:  69.085
Measure: 14.796 Err: -268157e-9 P: -9653652e-6 I: 94848960e-9 D: -40373228e-9 Ref: 14.528 Out: 45e-3
POS:  72.418
Measure: 14.375 Err: -296935e-9 P: -10689663e-6 I: 94528696e-9 D: -28943084e-9 Ref: 14.078 Out: 55e-3
POS:  75.675
Measure: 14.162 Err: -359999e-9 P: -12959987e-6 I: 94140416e-9 D: -21754316e-9 Ref: 13.802 Out: 59e-3
POS:  78.914
Measure: 14.064 Err: -359999e-9 P: -12959987e-6 I: 93752136e-9 D: -15228021e-9 Ref: 13.704 Out: 65e-3
POS:  82.153
Measure: 14.037 Err: -359999e-9 P: -12959987e-6 I: 93363864e-9 D: -10659615e-9 Ref: 13.677 Out: 70e-3
POS:  85.410
Measure: 14.053 Err: -359999e-9 P: -12959987e-6 I: 92975584e-9 D: -7461730e-9 Ref: 13.693 Out: 72e-3
POS:  88.162
Measure: 14.103 Err: -370286e-9 P: -13330329e-6 I: 92576208e-9 D: -5466942e-9 Ref: 13.733 Out: 74e-3
POS:  91.495
Measure: 14.165 Err: -370712e-9 P: -13345641e-6 I: 92176376e-9 D: -3836937e-9 Ref: 13.795 Out: 75e-3
POS:  94.846
Measure: 14.226 Err: -359999e-9 P: -12959987e-6 I: 91788096e-9 D: -2432047e-9 Ref: 13.866 Out: 76e-3
POS:  97.709
Measure: 14.301 Err: -371096e-9 P: -13359478e-6 I: 91387848e-9 D: -1965347e-9 Ref: 13.930 Out: 76e-3
POS:  101.094
Measure: 14.382 Err: -374106e-9 P: -13467830e-6 I: 90984352e-9 D: -1447053e-9 Ref: 14.008 Out: 76e-3
POS:  104.427
Measure: 14.461 Err: -375776e-9 P: -13527946e-6 I: 90579056e-9 D: -1052500e-9 Ref: 14.085 Out: 76e-3
POS:  107.811
Measure: 14.539 Err: -359999e-9 P: -12959987e-6 I: 90190776e-9 D: -362962e-9 Ref: 14.179 Out: 77e-3
POS:  111.256
Measure: 14.632 Err: -359999e-9 P: -12959987e-6 I: 89802504e-9 D: -254073e-9 Ref: 14.272 Out: 76e-3
POS:  114.658
Measure: 14.719 Err: -359999e-9 P: -12959987e-6 I: 89414224e-9 D: -177851e-9 Ref: 14.359 Out: 76e-3
POS:  117.547
Measure: 14.801 Err: -372837e-9 P: -13422133e-6 I: 89012096e-9 D: -428646e-9 Ref: 14.428 Out: 75e-3
POS:  121.051
Measure: 14.882 Err: -375277e-9 P: -13509990e-6 I: 88607336e-9 D: -357872e-9 Ref: 14.507 Out: 75e-3
POS:  124.572
Measure: 14.946 Err: -359999e-9 P: -12959987e-6 I: 88219056e-9 D: 111459e-9 Ref: 14.586 Out: 75e-3
POS:  127.581
Measure: 15.026 Err: -372354e-9 P: -13404761e-6 I: 87817448e-9 D: -214695e-9 Ref: 14.653 Out: 74e-3
POS:  131.136
Measure: 15.094 Err: -372818e-9 P: -13421447e-6 I: 87415344e-9 D: -161268e-9 Ref: 14.722 Out: 74e-3
POS:  134.700
Measure: 15.144 Err: -359999e-9 P: -12959987e-6 I: 87027064e-9 D: 190810e-9 Ref: 14.784 Out: 74e-3
POS:  138.273
Measure: 15.201 Err: -359999e-9 P: -12959987e-6 I: 86638792e-9 D: 133567e-9 Ref: 14.841 Out: 74e-3
POS:  141.794
Measure: 15.252 Err: -359999e-9 P: -12959987e-6 I: 86250512e-9 D: 93497e-9 Ref: 14.892 Out: 73e-3
POS:  144.760
Measure: 15.298 Err: -366915e-9 P: -13208965e-6 I: 85854768e-9 D: -98410e-9 Ref: 14.931 Out: 72e-3
POS:  148.376
Measure: 15.342 Err: -359999e-9 P: -12959987e-6 I: 85466488e-9 D: 94971e-9 Ref: 14.982 Out: 72e-3
POS:  151.982
Measure: 15.398 Err: -359999e-9 P: -12959987e-6 I: 85078216e-9 D: 66479e-9 Ref: 15.038 Out: 72e-3
POS:  154.982
Measure: 15.443 Err: -365602e-9 P: -13161689e-6 I: 84683896e-9 D: -86209e-9 Ref: 15.077 Out: 71e-3
POS:  158.623
Measure: 15.469 Err: -359999e-9 P: -12959987e-6 I: 84295616e-9 D: 72398e-9 Ref: 15.109 Out: 71e-3
POS:  162.247
Measure: 15.496 Err: -359999e-9 P: -12959987e-6 I: 83907336e-9 D: 50679e-9 Ref: 15.136 Out: 71e-3
POS:  165.256
Measure: 15.521 Err: -365211e-9 P: -13147613e-6 I: 83513440e-9 D: -88005e-9 Ref: 15.156 Out: 70e-3
POS:  168.914
Measure: 15.538 Err: -359999e-9 P: -12959987e-6 I: 83125160e-9 D: 61877e-9 Ref: 15.178 Out: 70e-3
POS:  172.555
Measure: 15.556 Err: -359999e-9 P: -12959987e-6 I: 82736888e-9 D: 43313e-9 Ref: 15.196 Out: 70e-3
POS:  175.581
Measure: 15.572 Err: -362334e-9 P: -13044032e-6 I: 82346088e-9 D: -24992e-9 Ref: 15.209 Out: 69e-3
POS:  179.239
Measure: 15.590 Err: -359999e-9 P: -12959987e-6 I: 81957808e-9 D: 37817e-9 Ref: 15.230 Out: 69e-3
POS:  182.897
Measure: 15.616 Err: -359999e-9 P: -12959987e-6 I: 81569528e-9 D: 26472e-9 Ref: 15.256 Out: 69e-3
POS:  185.940
Measure: 15.641 Err: -364998e-9 P: -13139957e-6 I: 81175864e-9 D: -99912e-9 Ref: 15.276 Out: 68e-3
POS:  189.623
Measure: 15.660 Err: -359999e-9 P: -12959987e-6 I: 80787584e-9 D: 48504e-9 Ref: 15.300 Out: 68e-3
POS:  193.290
Measure: 15.680 Err: -359999e-9 P: -12959987e-6 I: 80399304e-9 D: 33952e-9 Ref: 15.320 Out: 67e-3
POS:  196.341
Measure: 15.702 Err: -362627e-9 P: -13054572e-6 I: 80008192e-9 D: -38481e-9 Ref: 15.339 Out: 67e-3
POS:  200.034
Measure: 15.715 Err: -359999e-9 P: -12959987e-6 I: 79619912e-9 D: 35311e-9 Ref: 15.355 Out: 67e-3
POS:  203.717
Measure: 15.742 Err: -359999e-9 P: -12959987e-6 I: 79231632e-9 D: 24718e-9 Ref: 15.382 Out: 66e-3
POS:  206.777
Measure: 15.759 Err: -362964e-9 P: -13066726e-6 I: 78840152e-9 D: -52944e-9 Ref: 15.396 Out: 66e-3
POS:  210.487
Measure: 15.775 Err: -359999e-9 P: -12959987e-6 I: 78451880e-9 D: 33186e-9 Ref: 15.415 Out: 65e-3
POS:  214.179
Measure: 15.788 Err: -359999e-9 P: -12959987e-6 I: 78063600e-9 D: 23230e-9 Ref: 15.428 Out: 65e-3
POS:  217.247
Measure: 15.798 Err: -361945e-9 P: -13030025e-6 I: 77673216e-9 D: -29832e-9 Ref: 15.436 Out: 65e-3
POS:  220.965
Measure: 15.807 Err: -359999e-9 P: -12959987e-6 I: 77284944e-9 D: 25210e-9 Ref: 15.447 Out: 64e-3
POS:  224.666
Measure: 15.813 Err: -359999e-9 P: -12959987e-6 I: 76896664e-9 D: 17647e-9 Ref: 15.453 Out: 64e-3
POS:  227.735
Measure: 15.821 Err: -362568e-9 P: -13052478e-6 I: 76505608e-9 D: -48517e-9 Ref: 15.459 Out: 63e-3
POS:  231.461
Measure: 15.831 Err: -359999e-9 P: -12959987e-6 I: 76117336e-9 D: 26908e-9 Ref: 15.471 Out: 63e-3
POS:  235.162
Measure: 15.834 Err: -359999e-9 P: -12959987e-6 I: 75729056e-9 D: 18836e-9 Ref: 15.474 Out: 63e-3
POS:  238.230
Measure: 15.836 Err: -361328e-9 P: -13007812e-6 I: 75339336e-9 D: -18289e-9 Ref: 15.475 Out: 62e-3
POS:  241.957
Measure: 15.840 Err: -359999e-9 P: -12959987e-6 I: 74951064e-9 D: 18672e-9 Ref: 15.480 Out: 62e-3
POS:  245.666
Measure: 15.837 Err: -359999e-9 P: -12959987e-6 I: 74562792e-9 D: 13070e-9 Ref: 15.477 Out: 62e-3
POS:  248.735
Measure: 15.840 Err: -361599e-9 P: -13017597e-6 I: 74172776e-9 D: -28764e-9 Ref: 15.479 Out: 61e-3
POS:  252.461
Measure: 15.849 Err: -359999e-9 P: -12959987e-6 I: 73784504e-9 D: 17778e-9 Ref: 15.489 Out: 61e-3
POS:  256.170
Measure: 15.850 Err: -359999e-9 P: -12959987e-6 I: 73396224e-9 D: 12445e-9 Ref: 15.490 Out: 60e-3
POS:  259.247
Measure: 15.853 Err: -360891e-9 P: -12992088e-6 I: 73006976e-9 D: -12414e-9 Ref: 15.492 Out: 60e-3
POS:  262.974
Measure: 15.854 Err: -359999e-9 P: -12959987e-6 I: 72618704e-9 D: 12436e-9 Ref: 15.494 Out: 60e-3
POS:  266.683
Measure: 15.846 Err: -359999e-9 P: -12959987e-6 I: 72230424e-9 D: 8705e-9 Ref: 15.486 Out: 59e-3
POS:  269.735
Measure: 15.840 Err: -360098e-9 P: -12963558e-6 I: 71842032e-9 D: 3743e-9 Ref: 15.480 Out: 59e-3
POS:  273.418
Measure: 15.845 Err: -359999e-9 P: -12959987e-6 I: 71453752e-9 D: 4970e-9 Ref: 15.485 Out: 58e-3
POS:  276.572
Measure: 15.852 Err: -360712e-9 P: -12985634e-6 I: 71064704e-9 D: -13399e-9 Ref: 15.491 Out: 58e-3
POS:  280.290
Measure: 15.837 Err: -358737e-9 P: -12914531e-6 I: 70677776e-9 D: 37414e-9 Ref: 15.479 Out: 58e-3
POS:  283.991
Measure: 15.833 Err: -359999e-9 P: -12959987e-6 I: 70289504e-9 D: -3725e-9 Ref: 15.473 Out: 57e-3
POS:  287.059
Measure: 15.819 Err: -357175e-9 P: -12858329e-6 I: 69904264e-9 D: 64295e-9 Ref: 15.461 Out: 57e-3
POS:  290.760
Measure: 15.800 Err: -359999e-9 P: -12959987e-6 I: 69515984e-9 D: -21896e-9 Ref: 15.440 Out: 56e-3
POS:  294.470
Measure: 15.781 Err: -359999e-9 P: -12959987e-6 I: 69127704e-9 D: -15327e-9 Ref: 15.421 Out: 56e-3
POS:  298.085
Measure: 15.752 Err: -359999e-9 P: -12959987e-6 I: 68739424e-9 D: -10729e-9 Ref: 15.392 Out: 56e-3
POS:  301.145
Measure: 15.721 Err: -354918e-9 P: -12777065e-6 I: 68356616e-9 D: 112875e-9 Ref: 15.366 Out: 56e-3
POS:  304.837
Measure: 15.685 Err: -351924e-9 P: -12669296e-6 I: 67977048e-9 D: 149938e-9 Ref: 15.333 Out: 55e-3
POS:  308.512
Measure: 15.657 Err: -359999e-9 P: -12959987e-6 I: 67588760e-9 D: -86354e-9 Ref: 15.297 Out: 54e-3
POS:  311.632
Measure: 15.623 Err: -354764e-9 P: -12771538e-6 I: 67206128e-9 D: 63575e-9 Ref: 15.268 Out: 54e-3
POS:  315.273
Measure: 15.575 Err: -352182e-9 P: -12678565e-6 I: 66826276e-9 D: 105689e-9 Ref: 15.223 Out: 54e-3
POS:  318.923
Measure: 15.537 Err: -359999e-9 P: -12959987e-6 I: 66437996e-9 D: -111227e-9 Ref: 15.177 Out: 53e-3
POS:  322.017
Measure: 15.497 Err: -352621e-9 P: -12694358e-6 I: 66057676e-9 D: 96957e-9 Ref: 15.144 Out: 53e-3
POS:  325.632
Measure: 15.453 Err: -353655e-9 P: -12731609e-6 I: 65676236e-9 D: 43354e-9 Ref: 15.099 Out: 53e-3
POS:  329.230
Measure: 15.415 Err: -359999e-9 P: -12959987e-6 I: 65287956e-9 D: -119953e-9 Ref: 15.055 Out: 52e-3
POS:  332.769
Measure: 15.373 Err: -359999e-9 P: -12959987e-6 I: 64899668e-9 D: -83967e-9 Ref: 15.013 Out: 52e-3
POS:  335.752
Measure: 15.335 Err: -354487e-9 P: -12761546e-6 I: 64517336e-9 D: 71821e-9 Ref: 14.981 Out: 52e-3
POS:  339.333
Measure: 15.302 Err: -359999e-9 P: -12959987e-6 I: 64129056e-9 D: -80323e-9 Ref: 14.942 Out: 51e-3
POS:  342.914
Measure: 15.257 Err: -359999e-9 P: -12959987e-6 I: 63740768e-9 D: -56226e-9 Ref: 14.897 Out: 51e-3
POS:  346.401
Measure: 15.215 Err: -359999e-9 P: -12959987e-6 I: 63352488e-9 D: -39358e-9 Ref: 14.855 Out: 50e-3
POS:  349.358
Measure: 15.171 Err: -353022e-9 P: -12708812e-6 I: 62971732e-9 D: 137753e-9 Ref: 14.818 Out: 50e-3
POS:  352.914
Measure: 15.123 Err: -353149e-9 P: -12713378e-6 I: 62590836e-9 D: 93422e-9 Ref: 14.769 Out: 50e-3
POS:  356.418
Measure: 15.090 Err: -359999e-9 P: -12959987e-6 I: 62202556e-9 D: -96903e-9 Ref: 14.730 Out: 49e-3
POS:  359.888
Measure: 15.042 Err: -359999e-9 P: -12959987e-6 I: 61814276e-9 D: -67832e-9 Ref: 14.682 Out: 49e-3
POS:  362.811
Measure: 14.998 Err: -354336e-9 P: -12756122e-6 I: 61432100e-9 D: 86685e-9 Ref: 14.644 Out: 49e-3
POS:  366.307
Measure: 14.959 Err: -359999e-9 P: -12959987e-6 I: 61043816e-9 D: -73488e-9 Ref: 14.599 Out: 48e-3
POS:  369.811
Measure: 14.907 Err: -359999e-9 P: -12959987e-6 I: 60655536e-9 D: -51442e-9 Ref: 14.547 Out: 48e-3
POS:  373.222
Measure: 14.858 Err: -359999e-9 P: -12959987e-6 I: 60267256e-9 D: -36009e-9 Ref: 14.498 Out: 47e-3
POS:  376.102
Measure: 14.809 Err: -350714e-9 P: -12625728e-6 I: 59888988e-9 D: 194777e-9 Ref: 14.459 Out: 47e-3
POS:  379.572
Measure: 14.758 Err: -352380e-9 P: -12685707e-6 I: 59508924e-9 D: 96871e-9 Ref: 14.405 Out: 47e-3
POS:  383.008
Measure: 14.719 Err: -359999e-9 P: -12959987e-6 I: 59120640e-9 D: -112701e-9 Ref: 14.359 Out: 46e-3
POS:  386.376
Measure: 14.674 Err: -359999e-9 P: -12959987e-6 I: 58732360e-9 D: -78890e-9 Ref: 14.314 Out: 46e-3
POS:  389.222
Measure: 14.619 Err: -350257e-9 P: -12609283e-6 I: 58354588e-9 D: 175583e-9 Ref: 14.269 Out: 46e-3
POS:  392.641
Measure: 14.562 Err: -352046e-9 P: -12673656e-6 I: 57974888e-9 D: 80543e-9 Ref: 14.210 Out: 45e-3
POS:  396.034
Measure: 14.514 Err: -359999e-9 P: -12959987e-6 I: 57586604e-9 D: -132061e-9 Ref: 14.154 Out: 44e-3
POS:  399.350
Measure: 14.462 Err: -359999e-9 P: -12959987e-6 I: 57198324e-9 D: -92443e-9 Ref: 14.102 Out: 44e-3
POS:  402.162
Measure: 14.405 Err: -350150e-9 P: -12605404e-6 I: 56820664e-9 D: 168650e-9 Ref: 14.055 Out: 44e-3
POS:  405.529
Measure: 14.350 Err: -352130e-9 P: -12676711e-6 I: 56440868e-9 D: 71125e-9 Ref: 13.997 Out: 44e-3
POS:  408.871
Measure: 14.306 Err: -359999e-9 P: -12959987e-6 I: 56052588e-9 D: -136642e-9 Ref: 13.946 Out: 43e-3
POS:  412.136
Measure: 14.249 Err: -359999e-9 P: -12959987e-6 I: 55664304e-9 D: -95650e-9 Ref: 13.889 Out: 42e-3
POS:  414.905
Measure: 14.191 Err: -347748e-9 P: -12518954e-6 I: 55289236e-9 D: 223299e-9 Ref: 13.843 Out: 43e-3
POS:  418.222
Measure: 14.130 Err: -349635e-9 P: -12586864e-6 I: 54912132e-9 D: 111616e-9 Ref: 13.781 Out: 42e-3
POS:  421.529
Measure: 14.086 Err: -359999e-9 P: -12959987e-6 I: 54523852e-9 D: -167429e-9 Ref: 13.726 Out: 41e-3
POS:  424.324
Measure: 14.034 Err: -351280e-9 P: -12646087e-6 I: 54144972e-9 D: 89384e-9 Ref: 13.683 Out: 41e-3
POS:  427.598
Measure: 13.976 Err: -350690e-9 P: -12624870e-6 I: 53766732e-9 D: 76532e-9 Ref: 13.625 Out: 41e-3
POS:  430.846
Measure: 13.923 Err: -359999e-9 P: -12959987e-6 I: 53378452e-9 D: -166976e-9 Ref: 13.563 Out: 40e-3
POS:  434.025
Measure: 13.862 Err: -359999e-9 P: -12959987e-6 I: 52990168e-9 D: -116883e-9 Ref: 13.502 Out: 40e-3
POS:  436.709
Measure: 13.794 Err: -349063e-9 P: -12566299e-6 I: 52613680e-9 D: 177277e-9 Ref: 13.445 Out: 40e-3
POS:  439.931
Measure: 13.712 Err: -343497e-9 P: -12365902e-6 I: 52243200e-9 D: 255981e-9 Ref: 13.369 Out: 40e-3
POS:  443.128
Measure: 13.646 Err: -359999e-9 P: -12959987e-6 I: 51854916e-9 D: -211795e-9 Ref: 13.286 Out: 39e-3
POS:  445.837
Measure: 13.573 Err: -349287e-9 P: -12574333e-6 I: 51478188e-9 D: 105551e-9 Ref: 13.224 Out: 39e-3
POS:  449.000
Measure: 13.487 Err: -344673e-9 P: -12408233e-6 I: 51106440e-9 D: 183200e-9 Ref: 13.142 Out: 39e-3
POS:  452.145
Measure: 13.414 Err: -359999e-9 P: -12959987e-6 I: 50718156e-9 D: -234882e-9 Ref: 13.054 Out: 37e-3
POS:  455.264
Measure: 13.321 Err: -359999e-9 P: -12959987e-6 I: 50329876e-9 D: -164417e-9 Ref: 12.961 Out: 37e-3
POS:  458.290
Measure: 13.232 Err: -359999e-9 P: -12959987e-6 I: 49941592e-9 D: -115092e-9 Ref: 12.872 Out: 37e-3
POS:  460.846
Measure: 13.140 Err: -345578e-9 P: -12440815e-6 I: 49568864e-9 D: 261115e-9 Ref: 12.794 Out: 37e-3
POS:  463.905
Measure: 13.044 Err: -347084e-9 P: -12495025e-6 I: 49194512e-9 D: 147103e-9 Ref: 12.697 Out: 37e-3
POS:  466.940
Measure: 12.954 Err: -359999e-9 P: -12959987e-6 I: 48806228e-9 D: -203030e-9 Ref: 12.594 Out: 36e-3
POS:  469.504
Measure: 12.859 Err: -346825e-9 P: -12485721e-6 I: 48432156e-9 D: 170004e-9 Ref: 12.512 Out: 36e-3
POS:  472.504
Measure: 12.768 Err: -346093e-9 P: -12459354e-6 I: 48058876e-9 D: 136356e-9 Ref: 12.422 Out: 36e-3
POS:  475.470
Measure: 12.690 Err: -359999e-9 P: -12959987e-6 I: 47670592e-9 D: -234029e-9 Ref: 12.330 Out: 34e-3
POS:  478.418
Measure: 12.605 Err: -359999e-9 P: -12959987e-6 I: 47282312e-9 D: -163820e-9 Ref: 12.245 Out: 34e-3
POS:  481.290
Measure: 12.523 Err: -359999e-9 P: -12959987e-6 I: 46894028e-9 D: -114674e-9 Ref: 12.163 Out: 34e-3
POS:  483.709
Measure: 12.432 Err: -346904e-9 P: -12488571e-6 I: 46519872e-9 D: 229978e-9 Ref: 12.085 Out: 34e-3
POS:  486.606
Measure: 12.340 Err: -346472e-9 P: -12473018e-6 I: 46146180e-9 D: 171220e-9 Ref: 11.994 Out: 34e-3
POS:  489.478
Measure: 12.262 Err: -359999e-9 P: -12959987e-6 I: 45757896e-9 D: -200632e-9 Ref: 11.902 Out: 32e-3
POS:  491.905
Measure: 12.185 Err: -347938e-9 P: -12525787e-6 I: 45382624e-9 D: 145315e-9 Ref: 11.837 Out: 33e-3
POS:  494.743
Measure: 12.096 Err: -346479e-9 P: -12473258e-6 I: 45008928e-9 D: 136291e-9 Ref: 11.749 Out: 33e-3
POS:  497.555
Measure: 12.015 Err: -359999e-9 P: -12959987e-6 I: 44620644e-9 D: -224924e-9 Ref: 11.655 Out: 31e-3
POS:  500.341
Measure: 11.919 Err: -359999e-9 P: -12959987e-6 I: 44232364e-9 D: -157447e-9 Ref: 11.559 Out: 31e-3
POS:  503.051
Measure: 11.823 Err: -359999e-9 P: -12959987e-6 I: 43844080e-9 D: -110212e-9 Ref: 11.463 Out: 31e-3
POS:  505.324
Measure: 11.719 Err: -342711e-9 P: -12337612e-6 I: 43474448e-9 D: 332451e-9 Ref: 11.376 Out: 31e-3
POS:  508.051
Measure: 11.620 Err: -340074e-9 P: -12242683e-6 I: 43107656e-9 D: 295191e-9 Ref: 11.280 Out: 31e-3
POS:  510.752
Measure: 11.541 Err: -359999e-9 P: -12959987e-6 I: 42719372e-9 D: -265442e-9 Ref: 11.181 Out: 29e-3
POS:  513.025
Measure: 11.443 Err: -342635e-9 P: -12334865e-6 I: 42349820e-9 D: 225599e-9 Ref: 11.100 Out: 30e-3
POS:  515.692
Measure: 11.356 Err: -345484e-9 P: -12437450e-6 I: 41977192e-9 D: 90405e-9 Ref: 11.010 Out: 30e-3
POS:  518.316
Measure: 11.268 Err: -359999e-9 P: -12959987e-6 I: 41588912e-9 D: -280610e-9 Ref: 10.908 Out: 28e-3
POS:  520.538
Measure: 11.161 Err: -342947e-9 P: -12346126e-6 I: 41219024e-9 D: 207569e-9 Ref: 10.818 Out: 29e-3
POS:  523.128
Measure: 11.064 Err: -341384e-9 P: -12289856e-6 I: 40850820e-9 D: 182331e-9 Ref: 10.722 Out: 29e-3
POS:  525.692
Measure: 10.973 Err: -359999e-9 P: -12959987e-6 I: 40462536e-9 D: -313398e-9 Ref: 10.613 Out: 27e-3
POS:  528.076
Measure: 10.520 Err: -359999e-9 P: -12959987e-6 I: 40074256e-9 D: -219378e-9 Ref: 10.160 Out: 27e-3
POS:  530.213
Measure: 9.768 Err: -359999e-9 P: -12959987e-6 I: 39685972e-9 D: -153565e-9 Ref: 9.408 Out: 26e-3
POS:  531.863
Measure: 9.277 Err: -390934e-9 P: -14073658e-6 I: 39264324e-9 D: -840429e-9 Ref: 8.887 Out: 24e-3
POS:  533.666
Measure: 8.640 Err: -359999e-9 P: -12959987e-6 I: 38876044e-9 D: 144633e-9 Ref: 8.280 Out: 26e-3
POS:  535.042
Measure: 8.818 Err: -292113e-9 P: -10516078e-6 I: 38560984e-9 D: 1709640e-9 Ref: 8.526 Out: 30e-3
POS:  536.487
Measure: 8.365 Err: -359999e-9 P: -12959987e-6 I: 38172700e-9 D: -411648e-9 Ref: 8.005 Out: 25e-3
POS:  537.743
Measure: 7.122 Err: -360000e-9 P: -12960005e-6 I: 37784420e-9 D: -288165e-9 Ref: 6.762 Out: 24e-3
POS:  538.641
Measure: 5.955 Err: -82004e-9 P: -2952163e-6 I: 37695972e-9 D: 6384694e-9 Ref: 5.873 Out: 41e-3
POS:  539.555
Measure: 5.109 Err: -360000e-9 P: -12960005e-6 I: 37307692e-9 D: -2117124e-9 Ref: 4.749 Out: 22e-3
POS:  540.179
Measure: 4.240 Err: -225745e-9 P: -8126827e-6 I: 37064208e-9 D: 1698848e-9 Ref: 4.014 Out: 30e-3
POS:  540.752
Measure: 3.217 Err: -267916e-9 P: -9645008e-6 I: 36775248e-9 D: 190040e-9 Ref: 2.949 Out: 27e-3
POS:  541.136
Measure: 2.362 Err: -359999e-9 P: -12959995e-6 I: 36386964e-9 D: -2048647e-9 Ref: 2.002 Out: 21e-3
POS:  541.350
Measure: 1.465 Err: -360000e-9 P: -12960000e-6 I: 35998684e-9 D: -1434056e-9 Ref: 1.105 Out: 21e-3
POS:  541.401
Measure: 0.533 Err: -226556e-9 P: -8156043e-6 I: 35754328e-9 D: 2157764e-9 Ref: 0.307 Out: 30e-3
POS:  541.367
Measure: 0.040 Err: -40342e-9 P: -1452334e-6 I: 35754328e-9 D: 5922314e-9 Ref: 0.000 Out: 40e-3
POS:  541.376
Measure: 0.092 Err: -92626e-9 P: -3334566e-6 I: 35754328e-9 D: 2906875e-9 Ref: 0.000 Out: 35e-3
POS:  541.376
Measure: 0.024 Err: -24281e-9 P: -874136e-6 I: 35754328e-9 D: 3654083e-9 Ref: 0.000 Out: 38e-3
POS:  541.376
Measure: 0.007 Err: -7956e-9 P: -286437e-6 I: 35754328e-9 D: 2944638e-9 Ref: 0.000 Out: 38e-3
POS:  541.376
Measure: 0.002 Err: -2085e-9 P: -75087e-6 I: 35754328e-9 D: 2200340e-9 Ref: 0.000 Out: 37e-3
POS:  541.376
Measure: 0.000 Err: -683e-9 P: -24604e-6 I: 35754328e-9 D: 1573462e-9 Ref: 0.000 Out: 37e-3




















































































































































































































































































































































































































































































































































































































































































































































































































































ello
Setting PWM
Synchronising state
motor home
L2H Off
L3H Off
L1L Off
L2L Off
L1H On
L3L On
Rotate to home state
Reading rotor state
Read rotor state
Waiting to stabilise
Starting timer
R60
R:60.000 V:0.000
motor home
L2H Off
L3H Off
L1L Off
L2L Off
L1H On
L3L On
Rotate to home state
Reading rotor state
Read rotor state
Waiting to stabilise
Measure: 0.000 Err: 60000000e-9 P: 149999984e-6 I: 0e-9 D: 1687500160e-9 Ref: 60.000 Out: 1000e-3
Measure: 0.170 Err: 59829060e-9 P: 149572640e-6 I: 0e-9 D: 1176442368e-9 Ref: 60.000 Out: 1000e-3
Measure: 0.666 Err: 59333332e-9 P: 148333328e-6 I: 0e-9 D: 809567296e-9 Ref: 60.000 Out: 957e-3
Measure: 1.470 Err: 58529916e-9 P: 146324784e-6 I: 0e-9 D: 544100928e-9 Ref: 60.000 Out: 690e-3
Measure: 2.598 Err: 57401712e-9 P: 143504272e-6 I: 0e-9 D: 349139936e-9 Ref: 60.000 Out: 492e-3
Measure: 4.008 Err: 55991456e-9 P: 139978640e-6 I: 0e-9 D: 204734512e-9 Ref: 60.000 Out: 344e-3
Measure: 5.641 Err: 54358976e-9 P: 135897424e-6 I: 0e-9 D: 97400632e-9 Ref: 60.000 Out: 233e-3
Measure: 7.393 Err: 52606840e-9 P: 131517096e-6 I: 0e-9 D: 18901606e-9 Ref: 60.000 Out: 150e-3
Measure: 9.230 Err: 50769228e-9 P: 126923072e-6 I: 0e-9 D: -38451612e-9 Ref: 60.000 Out: 88e-3
Measure: 10.769 Err: 49230772e-9 P: 123076920e-6 I: 0e-9 D: -70185312e-9 Ref: 60.000 Out: 52e-3
Measure: 12.666 Err: 47333332e-9 P: 118333328e-6 I: 0e-9 D: -102495168e-9 Ref: 60.000 Out: 15e-3
Measure: 14.564 Err: 45435896e-9 P: 113589744e-6 I: 0e-9 D: -125111968e-9 Ref: 60.000 Out: -11e-3
Measure: 16.418 Err: 43581196e-9 P: 108952984e-6 I: 0e-9 D: -139741872e-9 Ref: 60.000 Out: -30e-3
Measure: 18.128 Err: 41871796e-9 P: 104679488e-6 I: 0e-9 D: -145896192e-9 Ref: 60.000 Out: -41e-3
Measure: 19.649 Err: 40350424e-9 P: 100876064e-6 I: 0e-9 D: -144915856e-9 Ref: 60.000 Out: -44e-3
Measure: 20.957 Err: 39042732e-9 P: 97606832e-6 I: 0e-9 D: -138219984e-9 Ref: 60.000 Out: -40e-3
Measure: 22.008 Err: 37991456e-9 P: 94978640e-6 I: 0e-9 D: -126321168e-9 Ref: 60.000 Out: -31e-3
Measure: 22.837 Err: 37162392e-9 P: 92905976e-6 I: 0e-9 D: -111742232e-9 Ref: 60.000 Out: -18e-3
Measure: 23.461 Err: 36538460e-9 P: 91346144e-6 I: 0e-9 D: -95767648e-9 Ref: 60.000 Out: -4e-3
Measure: 23.863 Err: 36136752e-9 P: 90341880e-6 I: 0e-9 D: -78335352e-9 Ref: 60.000 Out: 12e-3
Measure: 24.085 Err: 35914528e-9 P: 89786320e-6 I: 0e-9 D: -61084828e-9 Ref: 60.000 Out: 28e-3
Measure: 24.230 Err: 35769228e-9 P: 89423072e-6 I: 0e-9 D: -46845888e-9 Ref: 60.000 Out: 42e-3
Measure: 24.367 Err: 35632476e-9 P: 89081192e-6 I: 0e-9 D: -36638300e-9 Ref: 60.000 Out: 52e-3
Measure: 24.504 Err: 35495728e-9 P: 88739312e-6 I: 0e-9 D: -29492884e-9 Ref: 60.000 Out: 59e-3
Measure: 24.606 Err: 35393160e-9 P: 88482904e-6 I: 0e-9 D: -23529682e-9 Ref: 60.000 Out: 64e-3
Measure: 24.735 Err: 35264956e-9 P: 88162392e-6 I: 0e-9 D: -20076526e-9 Ref: 60.000 Out: 68e-3
Measure: 24.948 Err: 35051284e-9 P: 87628208e-6 I: 0e-9 D: -20063112e-9 Ref: 60.000 Out: 67e-3
Measure: 25.196 Err: 34803420e-9 P: 87008552e-6 I: 0e-9 D: -21015348e-9 Ref: 60.000 Out: 65e-3
Measure: 25.538 Err: 34461540e-9 P: 86153848e-6 I: 0e-9 D: -24326140e-9 Ref: 60.000 Out: 61e-3
Measure: 25.837 Err: 34162392e-9 P: 85405976e-6 I: 0e-9 D: -25441852e-9 Ref: 60.000 Out: 59e-3
Measure: 26.162 Err: 33837608e-9 P: 84594016e-6 I: 0e-9 D: -26943826e-9 Ref: 60.000 Out: 57e-3
Measure: 26.512 Err: 33487178e-9 P: 83717944e-6 I: 0e-9 D: -28716508e-9 Ref: 60.000 Out: 55e-3
Measure: 26.794 Err: 33205128e-9 P: 83012816e-6 I: 0e-9 D: -28034244e-9 Ref: 60.000 Out: 54e-3
Measure: 27.162 Err: 32837608e-9 P: 82094024e-6 I: 0e-9 D: -29960454e-9 Ref: 60.000 Out: 52e-3
Measure: 27.589 Err: 32410256e-9 P: 81025640e-6 I: 0e-9 D: -32991618e-9 Ref: 60.000 Out: 48e-3
Measure: 27.940 Err: 32059830e-9 P: 80149576e-6 I: 0e-9 D: -32949854e-9 Ref: 60.000 Out: 47e-3
Measure: 28.410 Err: 31589742e-9 P: 78974352e-6 I: 0e-9 D: -36286096e-9 Ref: 60.000 Out: 42e-3
Measure: 28.786 Err: 31213674e-9 P: 78034184e-6 I: 0e-9 D: -35977184e-9 Ref: 60.000 Out: 42e-3
Measure: 29.205 Err: 30794872e-9 P: 76987176e-6 I: 0e-9 D: -36962844e-9 Ref: 60.000 Out: 40e-3
Measure: 29.615 Err: 30384614e-9 P: 75961536e-6 I: 0e-9 D: -37412476e-9 Ref: 60.000 Out: 38e-3
Measure: 29.991 Err: 30008546e-9 P: 75021360e-6 I: 0e-9 D: -36765652e-9 Ref: 60.000 Out: 38e-3
Measure: 30.504 Err: 29495726e-9 P: 73739312e-6 I: 0e-9 D: -40159056e-9 Ref: 60.000 Out: 33e-3
Measure: 30.854 Err: 29145300e-9 P: 72863248e-6 I: 0e-9 D: -37967064e-9 Ref: 60.000 Out: 34e-3
Measure: 31.290 Err: 28709402e-9 P: 71773504e-6 I: 0e-9 D: -38836568e-9 Ref: 60.000 Out: 32e-3
Measure: 31.752 Err: 28247864e-9 P: 70619656e-6 I: 0e-9 D: -40166368e-9 Ref: 60.000 Out: 30e-3
Measure: 32.145 Err: 27854702e-9 P: 69636752e-6 I: 0e-9 D: -39174132e-9 Ref: 60.000 Out: 30e-3
Measure: 31.572 Err: 28427350e-9 P: 71068376e-6 I: 0e-9 D: -11316137e-9 Ref: 60.000 Out: 59e-3
Measure: 31.863 Err: 28136754e-9 P: 70341880e-6 I: 0e-9 D: -16094362e-9 Ref: 60.000 Out: 54e-3
Measure: 32.273 Err: 27726494e-9 P: 69316232e-6 I: 0e-9 D: -22804596e-9 Ref: 60.000 Out: 46e-3
Measure: 32.769 Err: 27230770e-9 P: 68076920e-6 I: 0e-9 D: -29905446e-9 Ref: 60.000 Out: 38e-3
Measure: 33.188 Err: 26811966e-9 P: 67029916e-6 I: 0e-9 D: -32712680e-9 Ref: 60.000 Out: 34e-3
Measure: 33.658 Err: 26341880e-9 P: 65854700e-6 I: 0e-9 D: -36120024e-9 Ref: 60.000 Out: 29e-3
Measure: 34.025 Err: 25974358e-9 P: 64935892e-6 I: 0e-9 D: -35620608e-9 Ref: 60.000 Out: 29e-3
Measure: 34.487 Err: 25512822e-9 P: 63782052e-6 I: 0e-9 D: -37915136e-9 Ref: 60.000 Out: 25e-3
Measure: 34.837 Err: 25162392e-9 P: 62905976e-6 I: 0e-9 D: -36396428e-9 Ref: 60.000 Out: 26e-3
Measure: 35.247 Err: 24752136e-9 P: 61880340e-6 I: 0e-9 D: -37015932e-9 Ref: 60.000 Out: 24e-3
Measure: 35.683 Err: 24316238e-9 P: 60790596e-6 I: 0e-9 D: -38170780e-9 Ref: 60.000 Out: 22e-3
Measure: 36.000 Err: 24000000e-9 P: 60000000e-6 I: 0e-9 D: -35613752e-9 Ref: 60.000 Out: 24e-3
Measure: 36.478 Err: 23521366e-9 P: 58803412e-6 I: 0e-9 D: -38391208e-9 Ref: 60.000 Out: 20e-3
Measure: 36.752 Err: 23247864e-9 P: 58119660e-6 I: 0e-9 D: -34566096e-9 Ref: 60.000 Out: 23e-3
Measure: 37.000 Err: 23000000e-9 P: 57499996e-6 I: 0e-9 D: -31167438e-9 Ref: 60.000 Out: 26e-3
Measure: 36.461 Err: 23538460e-9 P: 58846148e-6 I: 0e-9 D: -6673025e-9 Ref: 60.000 Out: 52e-3
Measure: 36.709 Err: 23290600e-9 P: 58226500e-6 I: 0e-9 D: -11642179e-9 Ref: 60.000 Out: 46e-3
Measure: 37.000 Err: 23000000e-9 P: 57499996e-6 I: 0e-9 D: -16322646e-9 Ref: 60.000 Out: 41e-3
Measure: 37.435 Err: 22564102e-9 P: 56410252e-6 I: 0e-9 D: -23685482e-9 Ref: 60.000 Out: 32e-3
Measure: 37.752 Err: 22247864e-9 P: 55619656e-6 I: 0e-9 D: -25474042e-9 Ref: 60.000 Out: 30e-3
Measure: 38.025 Err: 21974358e-9 P: 54935892e-6 I: 0e-9 D: -25524192e-9 Ref: 60.000 Out: 29e-3
Measure: 38.307 Err: 21692306e-9 P: 54230764e-6 I: 0e-9 D: -25799622e-9 Ref: 60.000 Out: 28e-3
Measure: 38.709 Err: 21290600e-9 P: 53226496e-6 I: 0e-9 D: -29357736e-9 Ref: 60.000 Out: 23e-3
Measure: 38.991 Err: 21008548e-9 P: 52521372e-6 I: 0e-9 D: -28483102e-9 Ref: 60.000 Out: 24e-3
Measure: 39.316 Err: 20683762e-9 P: 51709404e-6 I: 0e-9 D: -29072810e-9 Ref: 60.000 Out: 22e-3
Measure: 38.658 Err: 21341880e-9 P: 53354700e-6 I: 0e-9 D: -1841363e-9 Ref: 60.000 Out: 51e-3
Measure: 38.897 Err: 21102566e-9 P: 52756412e-6 I: 0e-9 D: -8019690e-9 Ref: 60.000 Out: 44e-3
Measure: 39.196 Err: 20803418e-9 P: 52008544e-6 I: 0e-9 D: -14027337e-9 Ref: 60.000 Out: 37e-3
Measure: 39.555 Err: 20444442e-9 P: 51111104e-6 I: 0e-9 D: -19915292e-9 Ref: 60.000 Out: 31e-3
Measure: 39.794 Err: 20205128e-9 P: 50512816e-6 I: 0e-9 D: -20671440e-9 Ref: 60.000 Out: 29e-3
Measure: 40.102 Err: 19897434e-9 P: 49743584e-6 I: 925230e-9 D: -23123888e-9 Ref: 60.000 Out: 26e-3
Measure: 40.529 Err: 19470086e-9 P: 48675212e-6 I: 1830589e-9 D: -28205914e-9 Ref: 60.000 Out: 21e-3
Measure: 40.743 Err: 19256408e-9 P: 48141020e-6 I: 2726012e-9 D: -25753792e-9 Ref: 60.000 Out: 24e-3
Measure: 41.059 Err: 18940170e-9 P: 47350424e-6 I: 3606730e-9 D: -26921860e-9 Ref: 60.000 Out: 23e-3
Measure: 41.478 Err: 18521366e-9 P: 46303412e-6 I: 4467974e-9 D: -30624168e-9 Ref: 60.000 Out: 19e-3
Measure: 41.717 Err: 18282052e-9 P: 45705128e-6 I: 5318089e-9 D: -28167654e-9 Ref: 60.000 Out: 22e-3
Measure: 41.957 Err: 18042736e-9 P: 45106840e-6 I: 6157076e-9 D: -26448096e-9 Ref: 60.000 Out: 23e-3
Measure: 42.239 Err: 17760684e-9 P: 44401712e-6 I: 6982948e-9 D: -26446354e-9 Ref: 60.000 Out: 24e-3
Measure: 41.589 Err: 18410256e-9 P: 46025636e-6 I: 7839025e-9 D: -243277e-9 Ref: 60.000 Out: 52e-3
Measure: 41.692 Err: 18307694e-9 P: 45769232e-6 I: 8690333e-9 D: -3054849e-9 Ref: 60.000 Out: 50e-3
Measure: 41.948 Err: 18051280e-9 P: 45128200e-6 I: 9529717e-9 D: -9349996e-9 Ref: 60.000 Out: 44e-3
Measure: 42.239 Err: 17760684e-9 P: 44401712e-6 I: 10355590e-9 D: -14718011e-9 Ref: 60.000 Out: 39e-3
Measure: 42.675 Err: 17324788e-9 P: 43311968e-6 I: 11161192e-9 D: -22562236e-9 Ref: 60.000 Out: 31e-3
Measure: 42.974 Err: 17025642e-9 P: 42564104e-6 I: 11952884e-9 D: -24207012e-9 Ref: 60.000 Out: 29e-3
Measure: 43.282 Err: 16717949e-9 P: 41794872e-6 I: 12730269e-9 D: -25598788e-9 Ref: 60.000 Out: 28e-3
Measure: 43.641 Err: 16358974e-9 P: 40897436e-6 I: 13490962e-9 D: -28015310e-9 Ref: 60.000 Out: 25e-3
Measure: 43.931 Err: 16068375e-9 P: 40170936e-6 I: 14238141e-9 D: -27783838e-9 Ref: 60.000 Out: 25e-3
Measure: 43.880 Err: 16119659e-9 P: 40299148e-6 I: 14987705e-9 D: -18006302e-9 Ref: 60.000 Out: 36e-3
Measure: 44.512 Err: 15487179e-9 P: 38717948e-6 I: 15707858e-9 D: -30392930e-9 Ref: 60.000 Out: 23e-3
Measure: 44.376 Err: 15623932e-9 P: 39059828e-6 I: 16434371e-9 D: -17428870e-9 Ref: 60.000 Out: 37e-3
Measure: 44.273 Err: 15726494e-9 P: 39316232e-6 I: 17165654e-9 D: -9315655e-9 Ref: 60.000 Out: 46e-3
Measure: 45.555 Err: 14444443e-9 P: 36111104e-6 I: 17837320e-9 D: -42578648e-9 Ref: 60.000 Out: 10e-3
Measure: 45.564 Err: 14435898e-9 P: 36089744e-6 I: 18508588e-9 D: -30045378e-9 Ref: 60.000 Out: 23e-3
Measure: 45.854 Err: 14145298e-9 P: 35363244e-6 I: 19166346e-9 D: -29204884e-9 Ref: 60.000 Out: 24e-3
Measure: 46.461 Err: 13538460e-9 P: 33846148e-6 I: 19795884e-9 D: -37510744e-9 Ref: 60.000 Out: 15e-3
Measure: 46.717 Err: 13282051e-9 P: 33205126e-6 I: 20413500e-9 D: -33469018e-9 Ref: 60.000 Out: 19e-3
Measure: 46.905 Err: 13094017e-9 P: 32735042e-6 I: 21022370e-9 D: -28716770e-9 Ref: 60.000 Out: 24e-3
Measure: 46.957 Err: 13042736e-9 P: 32606840e-6 I: 21628858e-9 D: -21544016e-9 Ref: 60.000 Out: 32e-3
Measure: 47.452 Err: 12547009e-9 P: 31367522e-6 I: 22212294e-9 D: -29023150e-9 Ref: 60.000 Out: 23e-3
Measure: 47.367 Err: 12632477e-9 P: 31581190e-6 I: 22799704e-9 D: -17912410e-9 Ref: 60.000 Out: 35e-3
Measure: 47.307 Err: 12692307e-9 P: 31730768e-6 I: 23389896e-9 D: -10855976e-9 Ref: 60.000 Out: 43e-3
Measure: 47.529 Err: 12470085e-9 P: 31175212e-6 I: 23969754e-9 D: -13849159e-9 Ref: 60.000 Out: 40e-3
Measure: 47.760 Err: 12239315e-9 P: 30598286e-6 I: 24538884e-9 D: -16184822e-9 Ref: 60.000 Out: 38e-3
Measure: 47.581 Err: 12418804e-9 P: 31047008e-6 I: 25116358e-9 D: -6281242e-9 Ref: 60.000 Out: 49e-3
Measure: 47.854 Err: 12145298e-9 P: 30363244e-6 I: 25681114e-9 D: -12089231e-9 Ref: 60.000 Out: 43e-3
Measure: 48.128 Err: 11871796e-9 P: 29679488e-6 I: 26233152e-9 D: -16154716e-9 Ref: 60.000 Out: 39e-3
Measure: 48.512 Err: 11487179e-9 P: 28717946e-6 I: 26767308e-9 D: -22125652e-9 Ref: 60.000 Out: 32e-3
Measure: 48.803 Err: 11196583e-9 P: 27991456e-6 I: 27287948e-9 D: -23660968e-9 Ref: 60.000 Out: 31e-3
Measure: 49.111 Err: 10888889e-9 P: 27222224e-6 I: 27794282e-9 D: -25216558e-9 Ref: 60.000 Out: 29e-3
Measure: 49.478 Err: 10521366e-9 P: 26303414e-6 I: 28283526e-9 D: -27988182e-9 Ref: 60.000 Out: 26e-3
Measure: 49.769 Err: 10230770e-9 P: 25576924e-6 I: 28759254e-9 D: -27764740e-9 Ref: 60.000 Out: 26e-3
Measure: 50.068 Err: 9931625e-9 P: 24829064e-6 I: 29221076e-9 D: -27848766e-9 Ref: 60.000 Out: 25e-3
Measure: 50.358 Err: 9641026e-9 P: 24102564e-6 I: 29669384e-9 D: -27667256e-9 Ref: 60.000 Out: 25e-3
Measure: 50.641 Err: 9358974e-9 P: 23397436e-6 I: 30104576e-9 D: -27299766e-9 Ref: 60.000 Out: 25e-3
Measure: 50.923 Err: 9076923e-9 P: 22692308e-6 I: 30526652e-9 D: -27042524e-9 Ref: 60.000 Out: 25e-3
Measure: 51.205 Err: 8794872e-9 P: 21987180e-6 I: 30935614e-9 D: -26862454e-9 Ref: 60.000 Out: 25e-3
Measure: 51.478 Err: 8521366e-9 P: 21303416e-6 I: 31331856e-9 D: -26496078e-9 Ref: 60.000 Out: 25e-3
Measure: 51.743 Err: 8256408e-9 P: 20641022e-6 I: 31715776e-9 D: -25999184e-9 Ref: 60.000 Out: 25e-3
Measure: 52.000 Err: 8000000e-9 P: 20000000e-6 I: 32087776e-9 D: -25410924e-9 Ref: 60.000 Out: 26e-3
Measure: 52.264 Err: 7735042e-9 P: 19337606e-6 I: 32447458e-9 D: -25239578e-9 Ref: 60.000 Out: 26e-3
Measure: 52.367 Err: 7632477e-9 P: 19081192e-6 I: 32802366e-9 D: -20552366e-9 Ref: 60.000 Out: 30e-3
Measure: 52.119 Err: 7880340e-9 P: 19700852e-6 I: 33168804e-9 D: -7415487e-9 Ref: 60.000 Out: 45e-3
Measure: 52.179 Err: 7820514e-9 P: 19551286e-6 I: 33532456e-9 D: -6873444e-9 Ref: 60.000 Out: 45e-3
Measure: 52.435 Err: 7564102e-9 P: 18910256e-6 I: 33884188e-9 D: -12023013e-9 Ref: 60.000 Out: 40e-3
Measure: 53.547 Err: 6452991e-9 P: 16132478e-6 I: 34184252e-9 D: -39666100e-9 Ref: 60.000 Out: 10e-3
Measure: 53.829 Err: 6170940e-9 P: 15427351e-6 I: 34471200e-9 D: -35698956e-9 Ref: 60.000 Out: 13e-3
Measure: 54.111 Err: 5888889e-9 P: 14722223e-6 I: 34745032e-9 D: -32921958e-9 Ref: 60.000 Out: 16e-3
Measure: 54.376 Err: 5623932e-9 P: 14059830e-6 I: 35006544e-9 D: -30497300e-9 Ref: 60.000 Out: 18e-3
Measure: 54.615 Err: 5384617e-9 P: 13461541e-6 I: 35256928e-9 D: -28078844e-9 Ref: 60.000 Out: 20e-3
Measure: 54.837 Err: 5162391e-9 P: 12905979e-6 I: 35496980e-9 D: -25905274e-9 Ref: 60.000 Out: 22e-3
Measure: 55.051 Err: 4948719e-9 P: 12371797e-6 I: 35727100e-9 D: -24143236e-9 Ref: 60.000 Out: 23e-3
Measure: 55.256 Err: 4743591e-9 P: 11858978e-6 I: 35947672e-9 D: -22669482e-9 Ref: 60.000 Out: 24e-3
Measure: 55.461 Err: 4538460e-9 P: 11346149e-6 I: 36158716e-9 D: -21637962e-9 Ref: 60.000 Out: 25e-3
Measure: 55.649 Err: 4350425e-9 P: 10876064e-6 I: 36361004e-9 D: -20435032e-9 Ref: 60.000 Out: 26e-3
Measure: 55.811 Err: 4188034e-9 P: 10470085e-6 I: 36555752e-9 D: -18871788e-9 Ref: 60.000 Out: 27e-3
Measure: 56.008 Err: 3991451e-9 P: 9978628e-6 I: 36741352e-9 D: -18739144e-9 Ref: 60.000 Out: 27e-3
Measure: 56.222 Err: 3777778e-9 P: 9444446e-6 I: 36917020e-9 D: -19126942e-9 Ref: 60.000 Out: 27e-3
Measure: 56.461 Err: 3538459e-9 P: 8846149e-6 I: 37081556e-9 D: -20119702e-9 Ref: 60.000 Out: 25e-3
Measure: 56.649 Err: 3350425e-9 P: 8376064e-6 I: 37237352e-9 D: -19372250e-9 Ref: 60.000 Out: 26e-3
Measure: 56.854 Err: 3145298e-9 P: 7863245e-6 I: 37383608e-9 D: -19329792e-9 Ref: 60.000 Out: 25e-3
Measure: 57.059 Err: 2940170e-9 P: 7350425e-6 I: 37520328e-9 D: -19300072e-9 Ref: 60.000 Out: 25e-3
Measure: 57.273 Err: 2726493e-9 P: 6816234e-6 I: 37647108e-9 D: -19519700e-9 Ref: 60.000 Out: 24e-3
Measure: 57.487 Err: 2512821e-9 P: 6282053e-6 I: 37763952e-9 D: -19673332e-9 Ref: 60.000 Out: 24e-3
Measure: 57.683 Err: 2316238e-9 P: 5790596e-6 I: 37871660e-9 D: -19300224e-9 Ref: 60.000 Out: 24e-3
Measure: 57.897 Err: 2102565e-9 P: 5256414e-6 I: 37969424e-9 D: -19519700e-9 Ref: 60.000 Out: 23e-3
Measure: 58.102 Err: 1897434e-9 P: 4743585e-6 I: 38057656e-9 D: -19433114e-9 Ref: 60.000 Out: 23e-3
Measure: 58.307 Err: 1692306e-9 P: 4230766e-6 I: 38136348e-9 D: -19372398e-9 Ref: 60.000 Out: 22e-3
Measure: 58.504 Err: 1495727e-9 P: 3739318e-6 I: 38205900e-9 D: -19089462e-9 Ref: 60.000 Out: 22e-3
Measure: 58.683 Err: 1316238e-9 P: 3290596e-6 I: 38267104e-9 D: -18410756e-9 Ref: 60.000 Out: 23e-3
Measure: 58.880 Err: 1119659e-9 P: 2799148e-6 I: 38319172e-9 D: -18416314e-9 Ref: 60.000 Out: 22e-3
Measure: 59.068 Err: 931625e-9 P: 2329063e-6 I: 38362492e-9 D: -18179878e-9 Ref: 60.000 Out: 22e-3
Measure: 59.264 Err: 735042e-9 P: 1837606e-6 I: 38396672e-9 D: -18254806e-9 Ref: 60.000 Out: 21e-3
Measure: 59.452 Err: 547008e-9 P: 1367521e-6 I: 38422108e-9 D: -18066822e-9 Ref: 60.000 Out: 21e-3
Measure: 59.623 Err: 376068e-9 P: 940170e-6 I: 38439596e-9 D: -17454476e-9 Ref: 60.000 Out: 21e-3
Measure: 59.794 Err: 205127e-9 P: 512819e-6 I: 38449132e-9 D: -17025830e-9 Ref: 60.000 Out: 21e-3
Measure: 59.965 Err: 34187e-9 P: 85468e-6 I: 38450720e-9 D: -16725780e-9 Ref: 60.000 Out: 21e-3
Measure: 60.136 Err: -136753e-9 P: -341882e-6 I: 38444364e-9 D: -16515745e-9 Ref: 60.000 Out: 21e-3
Measure: 60.316 Err: -316238e-9 P: -790596e-6 I: 38429660e-9 D: -16609048e-9 Ref: 60.000 Out: 21e-3
Measure: 60.478 Err: -478633e-9 P: -1196584e-6 I: 38407404e-9 D: -16193707e-9 Ref: 60.000 Out: 21e-3
Measure: 60.641 Err: -641025e-9 P: -1602563e-6 I: 38377596e-9 D: -15902860e-9 Ref: 60.000 Out: 20e-3
Measure: 60.794 Err: -794872e-9 P: -1987180e-6 I: 38340636e-9 D: -15458941e-9 Ref: 60.000 Out: 20e-3
Measure: 60.965 Err: -965812e-9 P: -2414531e-6 I: 38295724e-9 D: -15628958e-9 Ref: 60.000 Out: 20e-3
Measure: 61.128 Err: -1128204e-9 P: -2820511e-6 I: 38243264e-9 D: -15507535e-9 Ref: 60.000 Out: 19e-3
Measure: 61.299 Err: -1299144e-9 P: -3247861e-6 I: 38182856e-9 D: -15662974e-9 Ref: 60.000 Out: 19e-3
Measure: 61.470 Err: -1470085e-9 P: -3675212e-6 I: 38114496e-9 D: -15771780e-9 Ref: 60.000 Out: 18e-3
Measure: 61.606 Err: -1606838e-9 P: -4017095e-6 I: 38039776e-9 D: -14886427e-9 Ref: 60.000 Out: 19e-3
Measure: 61.743 Err: -1743591e-9 P: -4358978e-6 I: 37958704e-9 D: -14266680e-9 Ref: 60.000 Out: 19e-3
Measure: 61.914 Err: -1914531e-9 P: -4786329e-6 I: 37869676e-9 D: -14794375e-9 Ref: 60.000 Out: 18e-3
Measure: 62.042 Err: -2042736e-9 P: -5106840e-6 I: 37774688e-9 D: -13961811e-9 Ref: 60.000 Out: 18e-3
Measure: 62.188 Err: -2188034e-9 P: -5470085e-6 I: 37672948e-9 D: -13859774e-9 Ref: 60.000 Out: 18e-3
Measure: 62.324 Err: -2324787e-9 P: -5811968e-6 I: 37564844e-9 D: -13548022e-9 Ref: 60.000 Out: 18e-3
Measure: 62.452 Err: -2452991e-9 P: -6132478e-6 I: 37450780e-9 D: -13089363e-9 Ref: 60.000 Out: 18e-3
Measure: 62.589 Err: -2589744e-9 P: -6474361e-6 I: 37330356e-9 D: -13008734e-9 Ref: 60.000 Out: 17e-3
Measure: 62.700 Err: -2700855e-9 P: -6752138e-6 I: 37204768e-9 D: -12231101e-9 Ref: 60.000 Out: 18e-3
Measure: 62.811 Err: -2811966e-9 P: -7029915e-6 I: 37074012e-9 D: -11686759e-9 Ref: 60.000 Out: 18e-3
Measure: 62.948 Err: -2948719e-9 P: -7371797e-6 I: 36936896e-9 D: -12026913e-9 Ref: 60.000 Out: 17e-3
Measure: 63.059 Err: -3059829e-9 P: -7649574e-6 I: 36794616e-9 D: -11543827e-9 Ref: 60.000 Out: 17e-3
Measure: 63.179 Err: -3179485e-9 P: -7948713e-6 I: 36646768e-9 D: -11445994e-9 Ref: 60.000 Out: 17e-3
Measure: 63.299 Err: -3299144e-9 P: -8247861e-6 I: 36493356e-9 D: -11377618e-9 Ref: 60.000 Out: 17e-3
Measure: 63.401 Err: -3401710e-9 P: -8504276e-6 I: 36335180e-9 D: -10848994e-9 Ref: 60.000 Out: 17e-3
Measure: 63.512 Err: -3512821e-9 P: -8782052e-6 I: 36171836e-9 D: -10719284e-9 Ref: 60.000 Out: 16e-3
Measure: 63.606 Err: -3606838e-9 P: -9017095e-6 I: 36004116e-9 D: -10147729e-9 Ref: 60.000 Out: 17e-3
Measure: 63.692 Err: -3692306e-9 P: -9230766e-6 I: 35832424e-9 D: -9507205e-9 Ref: 60.000 Out: 17e-3
Measure: 63.786 Err: -3786323e-9 P: -9465809e-6 I: 35656360e-9 D: -9299274e-9 Ref: 60.000 Out: 17e-3
Measure: 63.897 Err: -3897434e-9 P: -9743585e-6 I: 35475128e-9 D: -9634480e-9 Ref: 60.000 Out: 16e-3
Measure: 64.000 Err: -4000000e-9 P: -10000000e-6 I: 35289128e-9 D: -9628798e-9 Ref: 60.000 Out: 15e-3
Measure: 64.102 Err: -4102562e-9 P: -10256405e-6 I: 35098356e-9 D: -9624714e-9 Ref: 60.000 Out: 15e-3
Measure: 64.230 Err: -4230766e-9 P: -10576916e-6 I: 34901628e-9 D: -10343048e-9 Ref: 60.000 Out: 14e-3
Measure: 64.324 Err: -4324783e-9 P: -10811958e-6 I: 34700524e-9 D: -9884362e-9 Ref: 60.000 Out: 14e-3
Measure: 64.401 Err: -4401710e-9 P: -11004276e-6 I: 34495844e-9 D: -9082630e-9 Ref: 60.000 Out: 14e-3
Measure: 63.470 Err: -3470085e-9 P: -8675213e-6 I: 34334484e-9 D: 19844124e-9 Ref: 60.000 Out: 45e-3
Measure: 63.512 Err: -3512821e-9 P: -8782052e-6 I: 34171136e-9 D: 12688936e-9 Ref: 60.000 Out: 38e-3
Measure: 63.572 Err: -3572651e-9 P: -8931627e-6 I: 34005008e-9 D: 7199544e-9 Ref: 60.000 Out: 32e-3
Measure: 63.623 Err: -3623932e-9 P: -9059830e-6 I: 33836496e-9 D: 3597403e-9 Ref: 60.000 Out: 28e-3
Measure: 63.692 Err: -3692306e-9 P: -9230766e-6 I: 33664804e-9 D: 595145e-9 Ref: 60.000 Out: 25e-3
Measure: 63.803 Err: -3803417e-9 P: -9508543e-6 I: 33487942e-9 D: -2708386e-9 Ref: 60.000 Out: 21e-3
Measure: 63.931 Err: -3931625e-9 P: -9829063e-6 I: 33305124e-9 D: -5501725e-9 Ref: 60.000 Out: 18e-3
Measure: 64.059 Err: -4059829e-9 P: -10149574e-6 I: 33116340e-9 D: -7456955e-9 Ref: 60.000 Out: 15e-3
Measure: 64.213 Err: -4213676e-9 P: -10534191e-6 I: 32920406e-9 D: -9546808e-9 Ref: 60.000 Out: 13e-3
Measure: 64.367 Err: -4367523e-9 P: -10918808e-6 I: 32717314e-9 D: -11009706e-9 Ref: 60.000 Out: 10e-3
Measure: 63.470 Err: -3470085e-9 P: -8675213e-6 I: 32555956e-9 D: 17533652e-9 Ref: 60.000 Out: 41e-3
Measure: 63.495 Err: -3495727e-9 P: -8739319e-6 I: 32393404e-9 D: 11552365e-9 Ref: 60.000 Out: 35e-3
Measure: 63.512 Err: -3512821e-9 P: -8782052e-6 I: 32230056e-9 D: 7605896e-9 Ref: 60.000 Out: 31e-3
Measure: 63.521 Err: -3521366e-9 P: -8803415e-6 I: 32066316e-9 D: 5083801e-9 Ref: 60.000 Out: 28e-3
Measure: 63.529 Err: -3529914e-9 P: -8824787e-6 I: 31902172e-9 D: 3318228e-9 Ref: 60.000 Out: 26e-3
Measure: 63.529 Err: -3529914e-9 P: -8824787e-6 I: 31738032e-9 D: 2322759e-9 Ref: 60.000 Out: 25e-3
:Measure: 63.529 Err: -3529914e-9 P: -8824787e-6 I: 31573888e-9 D: 1625931e-9 Ref: 60.000 Out: 24e-3
hMeasure: 63.529 Err: -3529914e-9 P: -8824787e-6 I: 31409748e-9 D: 1138152e-9 Ref: 60.000 Out: 23e-3
Measure: 63.529 Err: -3529914e-9 P: -8824787e-6 I: 31245606e-9 D: 796706e-9 Ref: 60.000 Out: 23e-3
Measure: 63.529 Err: -3529914e-9 P: -8824787e-6 I: 31081464e-9 D: 557694e-9 Ref: 60.000 Out: 22e-3
Measure: 63.529 Err: -3529914e-9 P: -8824787e-6 I: 30917322e-9 D: 390386e-9 Ref: 60.000 Out: 22e-3
Measure: 63.529 Err: -3529914e-9 P: -8824787e-6 I: 30753180e-9 D: 273270e-9 Ref: 60.000 Out: 22e-3
Measure: 63.529 Err: -3529914e-9 P: -8824787e-6 I: 30589038e-9 D: 191289e-9 Ref: 60.000 Out: 22e-3
Measure: 63.529 Err: -3529914e-9 P: -88247
